Determining if the pthread_create exist failed with the following output:
Change Dir: /home/dinal/RP/Serr_Snakes/S1_Aug6/movement_plugin/build/CMakeFiles/CMakeTmp

Run Build Command:"/usr/bin/make" "cmTC_96f32/fast"
/usr/bin/make -f CMakeFiles/cmTC_96f32.dir/build.make CMakeFiles/cmTC_96f32.dir/build
make[1]: Entering directory '/media/dinal/Data/University/Year 4/Subject_matter/4thYr_Research_Project/Serr_Snakes/S1_Aug6/movement_plugin/build/CMakeFiles/CMakeTmp'
Building C object CMakeFiles/cmTC_96f32.dir/CheckSymbolExists.c.o
/usr/bin/cc     -o CMakeFiles/cmTC_96f32.dir/CheckSymbolExists.c.o   -c /home/dinal/RP/Serr_Snakes/S1_Aug6/movement_plugin/build/CMakeFiles/CMakeTmp/CheckSymbolExists.c
Linking C executable cmTC_96f32
/usr/bin/cmake -E cmake_link_script CMakeFiles/cmTC_96f32.dir/link.txt --verbose=1
/usr/bin/cc       CMakeFiles/cmTC_96f32.dir/CheckSymbolExists.c.o  -o cmTC_96f32 -rdynamic 
CMakeFiles/cmTC_96f32.dir/CheckSymbolExists.c.o: In function `main':
CheckSymbolExists.c:(.text+0x16): undefined reference to `pthread_create'
collect2: error: ld returned 1 exit status
CMakeFiles/cmTC_96f32.dir/build.make:97: recipe for target 'cmTC_96f32' failed
make[1]: *** [cmTC_96f32] Error 1
make[1]: Leaving directory '/media/dinal/Data/University/Year 4/Subject_matter/4thYr_Research_Project/Serr_Snakes/S1_Aug6/movement_plugin/build/CMakeFiles/CMakeTmp'
Makefile:126: recipe for target 'cmTC_96f32/fast' failed
make: *** [cmTC_96f32/fast] Error 2

File /home/dinal/RP/Serr_Snakes/S1_Aug6/movement_plugin/build/CMakeFiles/CMakeTmp/CheckSymbolExists.c:
/* */
#include <pthread.h>

int main(int argc, char** argv)
{
  (void)argv;
#ifndef pthread_create
  return ((int*)(&pthread_create))[argc];
#else
  (void)argc;
  return 0;
#endif
}

Determining if the function pthread_create exists in the pthreads failed with the following output:
Change Dir: /home/dinal/RP/Serr_Snakes/S1_Aug6/movement_plugin/build/CMakeFiles/CMakeTmp

Run Build Command:"/usr/bin/make" "cmTC_04ec4/fast"
/usr/bin/make -f CMakeFiles/cmTC_04ec4.dir/build.make CMakeFiles/cmTC_04ec4.dir/build
make[1]: Entering directory '/media/dinal/Data/University/Year 4/Subject_matter/4thYr_Research_Project/Serr_Snakes/S1_Aug6/movement_plugin/build/CMakeFiles/CMakeTmp'
Building C object CMakeFiles/cmTC_04ec4.dir/CheckFunctionExists.c.o
/usr/bin/cc    -DCHECK_FUNCTION_EXISTS=pthread_create   -o CMakeFiles/cmTC_04ec4.dir/CheckFunctionExists.c.o   -c /usr/share/cmake-3.5/Modules/CheckFunctionExists.c
Linking C executable cmTC_04ec4
/usr/bin/cmake -E cmake_link_script CMakeFiles/cmTC_04ec4.dir/link.txt --verbose=1
/usr/bin/cc   -DCHECK_FUNCTION_EXISTS=pthread_create    CMakeFiles/cmTC_04ec4.dir/CheckFunctionExists.c.o  -o cmTC_04ec4 -rdynamic -lpthreads 
/usr/bin/ld: cannot find -lpthreads
collect2: error: ld returned 1 exit status
CMakeFiles/cmTC_04ec4.dir/build.make:97: recipe for target 'cmTC_04ec4' failed
make[1]: *** [cmTC_04ec4] Error 1
make[1]: Leaving directory '/media/dinal/Data/University/Year 4/Subject_matter/4thYr_Research_Project/Serr_Snakes/S1_Aug6/movement_plugin/build/CMakeFiles/CMakeTmp'
Makefile:126: recipe for target 'cmTC_04ec4/fast' failed
make: *** [cmTC_04ec4/fast] Error 2


