Determining if the pthread_create exist failed with the following output:
Change Dir: /media/dinal/Data/Blog/2016/2_project_simulation_SnakeRobot/code/parallel_snake_robot/movement_plugin/build/CMakeFiles/CMakeTmp

Run Build Command:"/usr/bin/make" "cmTC_37be8/fast"
/usr/bin/make -f CMakeFiles/cmTC_37be8.dir/build.make CMakeFiles/cmTC_37be8.dir/build
make[1]: Entering directory '/media/dinal/Data/Blog/2016/2_project_simulation_SnakeRobot/code/parallel_snake_robot/movement_plugin/build/CMakeFiles/CMakeTmp'
Building C object CMakeFiles/cmTC_37be8.dir/CheckSymbolExists.c.o
/usr/bin/cc     -o CMakeFiles/cmTC_37be8.dir/CheckSymbolExists.c.o   -c /media/dinal/Data/Blog/2016/2_project_simulation_SnakeRobot/code/parallel_snake_robot/movement_plugin/build/CMakeFiles/CMakeTmp/CheckSymbolExists.c
Linking C executable cmTC_37be8
/usr/bin/cmake -E cmake_link_script CMakeFiles/cmTC_37be8.dir/link.txt --verbose=1
/usr/bin/cc       CMakeFiles/cmTC_37be8.dir/CheckSymbolExists.c.o  -o cmTC_37be8 -rdynamic 
CMakeFiles/cmTC_37be8.dir/CheckSymbolExists.c.o: In function `main':
CheckSymbolExists.c:(.text+0x16): undefined reference to `pthread_create'
collect2: error: ld returned 1 exit status
CMakeFiles/cmTC_37be8.dir/build.make:97: recipe for target 'cmTC_37be8' failed
make[1]: *** [cmTC_37be8] Error 1
make[1]: Leaving directory '/media/dinal/Data/Blog/2016/2_project_simulation_SnakeRobot/code/parallel_snake_robot/movement_plugin/build/CMakeFiles/CMakeTmp'
Makefile:126: recipe for target 'cmTC_37be8/fast' failed
make: *** [cmTC_37be8/fast] Error 2

File /media/dinal/Data/Blog/2016/2_project_simulation_SnakeRobot/code/parallel_snake_robot/movement_plugin/build/CMakeFiles/CMakeTmp/CheckSymbolExists.c:
/* */
#include <pthread.h>

int main(int argc, char** argv)
{
  (void)argv;
#ifndef pthread_create
  return ((int*)(&pthread_create))[argc];
#else
  (void)argc;
  return 0;
#endif
}

Determining if the function pthread_create exists in the pthreads failed with the following output:
Change Dir: /media/dinal/Data/Blog/2016/2_project_simulation_SnakeRobot/code/parallel_snake_robot/movement_plugin/build/CMakeFiles/CMakeTmp

Run Build Command:"/usr/bin/make" "cmTC_7f873/fast"
/usr/bin/make -f CMakeFiles/cmTC_7f873.dir/build.make CMakeFiles/cmTC_7f873.dir/build
make[1]: Entering directory '/media/dinal/Data/Blog/2016/2_project_simulation_SnakeRobot/code/parallel_snake_robot/movement_plugin/build/CMakeFiles/CMakeTmp'
Building C object CMakeFiles/cmTC_7f873.dir/CheckFunctionExists.c.o
/usr/bin/cc    -DCHECK_FUNCTION_EXISTS=pthread_create   -o CMakeFiles/cmTC_7f873.dir/CheckFunctionExists.c.o   -c /usr/share/cmake-3.5/Modules/CheckFunctionExists.c
Linking C executable cmTC_7f873
/usr/bin/cmake -E cmake_link_script CMakeFiles/cmTC_7f873.dir/link.txt --verbose=1
/usr/bin/cc   -DCHECK_FUNCTION_EXISTS=pthread_create    CMakeFiles/cmTC_7f873.dir/CheckFunctionExists.c.o  -o cmTC_7f873 -rdynamic -lpthreads 
/usr/bin/ld: cannot find -lpthreads
collect2: error: ld returned 1 exit status
CMakeFiles/cmTC_7f873.dir/build.make:97: recipe for target 'cmTC_7f873' failed
make[1]: *** [cmTC_7f873] Error 1
make[1]: Leaving directory '/media/dinal/Data/Blog/2016/2_project_simulation_SnakeRobot/code/parallel_snake_robot/movement_plugin/build/CMakeFiles/CMakeTmp'
Makefile:126: recipe for target 'cmTC_7f873/fast' failed
make: *** [cmTC_7f873/fast] Error 2


